Performing C SOURCE FILE Test CMAKE_HAVE_LIBC_PTHREAD failed with the following output:
Change Dir: /home/park/catkin_ws/build/CMakeFiles/CMakeTmp

Run Build Command(s):/usr/bin/make cmTC_03258/fast && /usr/bin/make  -f CMakeFiles/cmTC_03258.dir/build.make CMakeFiles/cmTC_03258.dir/build
make[1]: 디렉터리 '/home/park/catkin_ws/build/CMakeFiles/CMakeTmp' 들어감
Building C object CMakeFiles/cmTC_03258.dir/src.c.o
/usr/bin/cc -DCMAKE_HAVE_LIBC_PTHREAD   -o CMakeFiles/cmTC_03258.dir/src.c.o -c /home/park/catkin_ws/build/CMakeFiles/CMakeTmp/src.c
Linking C executable cmTC_03258
/usr/local/bin/cmake -E cmake_link_script CMakeFiles/cmTC_03258.dir/link.txt --verbose=1
/usr/bin/cc -rdynamic CMakeFiles/cmTC_03258.dir/src.c.o -o cmTC_03258 
/usr/bin/ld: CMakeFiles/cmTC_03258.dir/src.c.o: in function `main':
src.c:(.text+0x46): undefined reference to `pthread_create'
/usr/bin/ld: src.c:(.text+0x52): undefined reference to `pthread_detach'
/usr/bin/ld: src.c:(.text+0x5e): undefined reference to `pthread_cancel'
/usr/bin/ld: src.c:(.text+0x6f): undefined reference to `pthread_join'
collect2: error: ld returned 1 exit status
make[1]: *** [CMakeFiles/cmTC_03258.dir/build.make:106: cmTC_03258] 오류 1
make[1]: 디렉터리 '/home/park/catkin_ws/build/CMakeFiles/CMakeTmp' 나감
make: *** [Makefile:140: cmTC_03258/fast] 오류 2


Source file was:
#include <pthread.h>

static void* test_func(void* data)
{
  return data;
}

int main(void)
{
  pthread_t thread;
  pthread_create(&thread, NULL, test_func, NULL);
  pthread_detach(thread);
  pthread_cancel(thread);
  pthread_join(thread, NULL);
  pthread_atfork(NULL, NULL, NULL);
  pthread_exit(NULL);

  return 0;
}

Determining if the function pthread_create exists in the pthreads failed with the following output:
Change Dir: /home/park/catkin_ws/build/CMakeFiles/CMakeTmp

Run Build Command(s):/usr/bin/make cmTC_64ee6/fast && /usr/bin/make  -f CMakeFiles/cmTC_64ee6.dir/build.make CMakeFiles/cmTC_64ee6.dir/build
make[1]: 디렉터리 '/home/park/catkin_ws/build/CMakeFiles/CMakeTmp' 들어감
Building C object CMakeFiles/cmTC_64ee6.dir/CheckFunctionExists.c.o
/usr/bin/cc   -DCHECK_FUNCTION_EXISTS=pthread_create -o CMakeFiles/cmTC_64ee6.dir/CheckFunctionExists.c.o -c /usr/local/share/cmake-3.19/Modules/CheckFunctionExists.c
Linking C executable cmTC_64ee6
/usr/local/bin/cmake -E cmake_link_script CMakeFiles/cmTC_64ee6.dir/link.txt --verbose=1
/usr/bin/cc  -DCHECK_FUNCTION_EXISTS=pthread_create -rdynamic CMakeFiles/cmTC_64ee6.dir/CheckFunctionExists.c.o -o cmTC_64ee6  -lpthreads 
/usr/bin/ld: cannot find -lpthreads
collect2: error: ld returned 1 exit status
make[1]: *** [CMakeFiles/cmTC_64ee6.dir/build.make:106: cmTC_64ee6] 오류 1
make[1]: 디렉터리 '/home/park/catkin_ws/build/CMakeFiles/CMakeTmp' 나감
make: *** [Makefile:140: cmTC_64ee6/fast] 오류 2



